2024/08/20 11:28:58  serevet starting ....
2024/08/20 11:28:58  serevet starting ....
2024/08/20 11:28:58  serevet starting ....
2024/08/20 11:28:59 Migrating database...
2024/08/20 11:29:00 Migration failed: insufficient arguments
2024/08/20 11:29:33  serevet starting ....
2024/08/20 11:29:33  serevet starting ....
2024/08/20 11:29:33  serevet starting ....
2024/08/20 11:29:34 Migrating database...
2024/08/20 11:29:34 Migration failed: insufficient arguments
2024/08/20 11:30:53  serevet starting ....
2024/08/20 11:30:53  serevet starting ....
2024/08/20 11:30:53  serevet starting ....
2024/08/20 11:30:54 Migrating database...
2024/08/20 11:30:55 Migration failed: insufficient arguments
2024/08/20 11:33:36  serevet starting ....
2024/08/20 11:33:36  serevet starting ....
2024/08/20 11:33:36  serevet starting ....
2024/08/20 11:33:37 Migrating dXatabase...
2024/08/20 11:33:38 Migration failed: insufficient arguments
2024/08/20 11:35:09  serevet starting ....
2024/08/20 11:35:09  serevet starting ....
2024/08/20 11:35:09  serevet starting ....
2024/08/20 11:35:10 Migrating dXatabase...
2024/08/20 11:35:10 Migration failed: insufficient arguments
2024/08/20 11:35:41  serevet starting ....
2024/08/20 11:35:41  serevet starting ....
2024/08/20 11:35:41  serevet starting ....
2024/08/20 11:35:42 Migrating dXatabase...
2024/08/20 11:35:42 Migration failed: insufficient arguments
2024/08/20 11:35:59  serevet starting ....
2024/08/20 11:35:59  serevet starting ....
2024/08/20 11:35:59  serevet starting ....
2024/08/20 11:36:00 Migrating database...
2024/08/20 11:36:00 Migration failed: insufficient arguments
2024/08/20 12:16:44  serevet starting ....
2024/08/20 12:16:44  serevet starting ....
2024/08/20 12:16:44  serevet starting ....
2024/08/20 12:16:45 Migrating database...
2024/08/20 12:16:46 Migration failed: insufficient arguments
2024/08/20 13:55:05  serevet starting ....
2024/08/20 13:55:05  serevet starting ....
2024/08/20 13:55:05  serevet starting ....
2024/08/20 13:55:06 Migrating database...
2024/08/20 13:55:07 Migration failed: insufficient arguments
2024/08/20 14:05:46  serevet starting ....
2024/08/20 14:05:46  serevet starting ....
2024/08/20 14:05:46  serevet starting ....
2024/08/20 14:05:47 Migrating database...
2024/08/20 14:05:53 Migrating database done
2024/08/20 14:05:53 Database migration completed
2024/08/20 14:53:22  serevet starting ....
2024/08/20 14:53:22  serevet starting ....
2024/08/20 14:53:22  serevet starting ....
2024/08/20 14:53:23 Migrating database...
2024/08/20 14:53:24 Migration failed: insufficient arguments
2024/08/20 15:57:43  serevet starting ....
2024/08/20 15:57:43  serevet starting ....
2024/08/20 15:57:43  serevet starting ....
2024/08/20 15:57:44 Migrating database...
2024/08/20 15:57:48 Migrating database done
2024/08/20 15:57:48 Database migration completed
2024/08/20 15:58:20  serevet starting ....
2024/08/20 15:58:20  serevet starting ....
2024/08/20 15:58:20  serevet starting ....
2024/08/20 15:58:21 Migrating database...
2024/08/20 15:58:22 Migration failed: insufficient arguments
2024/08/20 15:59:44  serevet starting ....
2024/08/20 15:59:44  serevet starting ....
2024/08/20 15:59:44  serevet starting ....
2024/08/20 15:59:45 Migrating database...
2024/08/20 15:59:50  serevet starting ....
2024/08/20 15:59:50  serevet starting ....
2024/08/20 15:59:50  serevet starting ....
2024/08/20 15:59:51 Migrating database...
2024/08/20 15:59:52 Migration failed: insufficient arguments
2024/08/20 16:00:22  serevet starting ....
2024/08/20 16:00:22  serevet starting ....
2024/08/20 16:00:22  serevet starting ....
2024/08/20 16:00:23 Migrating database...
2024/08/20 16:00:23 Migration failed: insufficient arguments
2024/08/20 16:01:23  serevet starting ....
2024/08/20 16:01:23  serevet starting ....
2024/08/20 16:01:23  serevet starting ....
2024/08/20 16:01:24 Migrating database...
2024/08/20 16:01:24 Migrating database done
2024/08/20 16:01:24 Database migration completed
2024/08/20 16:01:37  serevet starting ....
2024/08/20 16:01:37  serevet starting ....
2024/08/20 16:01:37  serevet starting ....
2024/08/20 16:01:38 Migrating database...
2024/08/20 16:01:38 Migration failed: insufficient arguments
2024/08/20 16:04:25  serevet starting ....
2024/08/20 16:04:25  serevet starting ....
2024/08/20 16:04:25  serevet starting ....
2024/08/20 16:04:26 Migrating database...
2024/08/20 16:04:27 Migrating database done
2024/08/20 16:04:27 Database migration completed
2024/08/20 16:04:32  serevet starting ....
2024/08/20 16:04:32  serevet starting ....
2024/08/20 16:04:32  serevet starting ....
2024/08/20 16:04:33 Migrating database...
2024/08/20 16:04:33 Migration failed: insufficient arguments
2024/08/20 16:06:04  serevet starting ....
2024/08/20 16:06:04  serevet starting ....
2024/08/20 16:06:04  serevet starting ....
2024/08/20 16:06:05 Migrating database...
2024/08/20 16:06:06 Migration failed: insufficient arguments
2024/08/20 16:06:15  serevet starting ....
2024/08/20 16:06:15  serevet starting ....
2024/08/20 16:06:15  serevet starting ....
2024/08/20 16:06:16 Migrating database...
2024/08/20 16:06:17 Migration failed: insufficient arguments
2024/08/20 16:07:35  serevet starting ....
2024/08/20 16:07:35  serevet starting ....
2024/08/20 16:07:35  serevet starting ....
2024/08/20 16:08:43  serevet starting ....
2024/08/20 16:08:43  serevet starting ....
2024/08/20 16:08:43  serevet starting ....
2024/08/20 16:09:37  serevet starting ....
2024/08/20 16:09:37  serevet starting ....
2024/08/20 16:09:37  serevet starting ....
2024/08/20 16:17:09  serevet starting ....
2024/08/20 16:17:09  serevet starting ....
2024/08/20 16:17:09  serevet starting ....
2024/08/20 16:17:10 Migrating database...
2024/08/20 16:17:11 Migration failed: insufficient arguments
2024/08/20 16:18:18  serevet starting ....
2024/08/20 16:18:18  serevet starting ....
2024/08/20 16:18:18  serevet starting ....
2024/08/20 16:18:19 Migrating database...
2024/08/20 16:18:20 Migration failed: insufficient arguments
2024/08/20 16:18:38  serevet starting ....
2024/08/20 16:18:38  serevet starting ....
2024/08/20 16:18:38  serevet starting ....
2024/08/20 16:18:39 Migrating database...
2024/08/20 16:18:40 Migration failed: insufficient arguments
2024/08/20 16:20:46  serevet starting ....
2024/08/20 16:20:46  serevet starting ....
2024/08/20 16:20:46  serevet starting ....
2024/08/20 16:20:47 Migrating database...
2024/08/20 16:20:47 Migrating database done
2024/08/20 16:20:47 Database migration completed
2024/08/20 16:20:54  serevet starting ....
2024/08/20 16:20:54  serevet starting ....
2024/08/20 16:20:54  serevet starting ....
2024/08/20 16:20:55 Migrating database...
2024/08/20 16:20:55 Migration failed: insufficient arguments
2024/08/20 16:24:15  serevet starting ....
2024/08/20 16:24:15  serevet starting ....
2024/08/20 16:24:15  serevet starting ....
2024/08/20 16:24:16 Migrating database...
2024/08/20 16:24:17 Migration failed: insufficient arguments
2024/08/20 16:35:30  serevet starting ....
2024/08/20 16:35:30  serevet starting ....
2024/08/20 16:35:30  serevet starting ....
2024/08/20 16:35:31 Migrating database...
2024/08/20 16:35:31 Migration failed: insufficient arguments
2024/08/20 16:35:43  serevet starting ....
2024/08/20 16:35:43  serevet starting ....
2024/08/20 16:35:43  serevet starting ....
2024/08/20 16:35:44 Migrating database...
2024/08/20 16:35:45 Migration failed: insufficient arguments
2024/08/20 16:38:21  serevet starting ....
2024/08/20 16:38:21  serevet starting ....
2024/08/20 16:38:21  serevet starting ....
2024/08/20 16:38:22 Migrating database...
2024/08/20 16:38:22 Migrating database...
2024/08/20 16:38:22 Migrating database...
2024/08/20 16:38:22 Migrating database...
2024/08/20 16:38:22 Migrating database...
2024/08/20 16:38:23 Migrating database done  1
2024/08/20 16:38:23 Migrating database...
2024/08/20 16:38:23 Migrating database...
2024/08/20 16:38:56  serevet starting ....
2024/08/20 16:38:56  serevet starting ....
2024/08/20 16:38:56  serevet starting ....
2024/08/20 16:38:57 Migrating database...
2024/08/20 16:38:57 Migrating database...
2024/08/20 16:38:57 Migrating database...
2024/08/20 16:38:57 Migrating database...
2024/08/20 16:38:57 Migrating database...
2024/08/20 16:39:00 Migrating database done  1
2024/08/20 16:39:00 Migrating database...
2024/08/20 16:39:00 Migrating database...
2024/08/20 16:39:00 Database migration completed
2024/08/20 16:39:07  serevet starting ....
2024/08/20 16:39:07  serevet starting ....
2024/08/20 16:39:07  serevet starting ....
2024/08/20 16:39:08 Migrating database...
2024/08/20 16:39:08 Migrating database...
2024/08/20 16:39:08 Migrating database...
2024/08/20 16:39:08 Migrating database...
2024/08/20 16:39:08 Migrating database...
2024/08/20 16:39:09 Migrating database done  1
2024/08/20 16:39:09 Migrating database...
2024/08/20 16:39:09 Migrating database...
2024/08/20 16:43:30  serevet starting ....
2024/08/20 16:43:30  serevet starting ....
2024/08/20 16:43:30  serevet starting ....
2024/08/20 16:46:08  serevet starting ....
2024/08/20 16:46:08  serevet starting ....
2024/08/20 16:46:08  serevet starting ....
2024/08/20 16:46:09 Migrating database...
2024/08/20 16:46:09 Migrating database...
2024/08/20 16:46:09 Migrating database...
2024/08/20 16:46:09 Migrating database...
2024/08/20 16:46:09 Migrating database...
2024/08/20 16:46:13 Migrating database done  1
2024/08/20 16:46:13 Migrating database...
2024/08/20 16:46:13 Migrating database...
2024/08/20 16:46:13 Database migration completed
2024/08/20 16:46:17  serevet starting ....
2024/08/20 16:46:17  serevet starting ....
2024/08/20 16:46:17  serevet starting ....
2024/08/20 16:46:18 Migrating database...
2024/08/20 16:46:18 Migrating database...
2024/08/20 16:46:18 Migrating database...
2024/08/20 16:46:18 Migrating database...
2024/08/20 16:46:18 Migrating database...
2024/08/20 16:46:18 Migrating database done  1
2024/08/20 16:46:18 Migrating database...
2024/08/20 16:46:18 Migrating database...
2024/08/20 16:47:29  serevet starting ....
2024/08/20 16:47:29  serevet starting ....
2024/08/20 16:47:29  serevet starting ....
2024/08/20 16:47:30 Migrating database...
2024/08/20 16:47:30 Migrating database...
2024/08/20 16:47:30 Migrating database...
2024/08/20 16:47:30 Migrating database...
2024/08/20 16:47:30 Migrating database...
2024/08/20 16:47:34 Migrating database done  1
2024/08/20 16:47:34 Migrating database...
2024/08/20 16:47:34 Migrating database...
2024/08/20 16:47:34 Database migration completed
2024/08/20 16:48:30  serevet starting ....
2024/08/20 16:48:30  serevet starting ....
2024/08/20 16:48:30  serevet starting ....
2024/08/20 16:48:31 Migrating database...
2024/08/20 16:48:31 Migrating database...
2024/08/20 16:48:31 Migrating database...
2024/08/20 16:48:31 Migrating database...
2024/08/20 16:48:31 Migrating database...
2024/08/20 16:48:32 Migrating database done  1
2024/08/20 16:48:32 Migrating database...
2024/08/20 16:48:32 Migrating database...
2024/08/20 16:48:44  serevet starting ....
2024/08/20 16:48:44  serevet starting ....
2024/08/20 16:48:44  serevet starting ....
2024/08/20 16:48:45 Database migration completed
2024/08/24 23:47:54  serevet starting ....
2024/08/24 23:47:54  serevet starting ....
2024/08/24 23:47:54  serevet starting ....
2024/08/24 23:47:55 Database migration completed
2024/08/24 23:48:54  serevet starting ....
2024/08/24 23:48:54  serevet starting ....
2024/08/24 23:48:54  serevet starting ....
2024/08/24 23:48:56 Database migration completed
2024/08/24 23:49:21  serevet starting ....
2024/08/24 23:49:21  serevet starting ....
2024/08/24 23:49:21  serevet starting ....
2024/08/24 23:49:22 Database migration completed
2024/08/24 23:49:27  serevet starting ....
2024/08/24 23:49:27  serevet starting ....
2024/08/24 23:49:27  serevet starting ....
2024/08/24 23:49:32  serevet starting ....
2024/08/24 23:49:32  serevet starting ....
2024/08/24 23:49:32  serevet starting ....
2024/08/24 23:49:34 Database migration completed
2024/08/24 23:49:54  serevet starting ....
2024/08/24 23:49:54  serevet starting ....
2024/08/24 23:49:54  serevet starting ....
2024/08/24 23:49:55 Database migration completed
2024/08/24 23:50:12  serevet starting ....
2024/08/24 23:50:12  serevet starting ....
2024/08/24 23:50:12  serevet starting ....
2024/08/24 23:50:24 Database migration completed
2024/08/24 23:52:20  serevet starting ....
2024/08/24 23:52:20  serevet starting ....
2024/08/24 23:52:20  serevet starting ....
2024/08/24 23:52:23 Database migration completed
2024/08/24 23:52:37  serevet starting ....
2024/08/24 23:52:37  serevet starting ....
2024/08/24 23:52:37  serevet starting ....
2024/08/25 00:20:30  serevet starting ....
2024/08/25 00:20:30  serevet starting ....
2024/08/25 00:20:30  serevet starting ....
2024/08/25 00:20:31 Database migration completed
2024/08/25 00:20:50  serevet starting ....
2024/08/25 00:20:50  serevet starting ....
2024/08/25 00:20:50  serevet starting ....
2024/08/25 00:20:51 Database migration completed
2024/08/25 00:42:27  serevet starting ....
2024/08/25 00:42:27  serevet starting ....
2024/08/25 00:42:27  serevet starting ....
2024/08/25 00:42:29 Database migration completed
2024/08/25 00:42:33  serevet starting ....
2024/08/25 00:42:33  serevet starting ....
2024/08/25 00:42:33  serevet starting ....
2024/08/25 00:42:35 Database migration completed
2024/08/25 00:42:42  serevet starting ....
2024/08/25 00:42:42  serevet starting ....
2024/08/25 00:42:42  serevet starting ....
2024/08/25 00:42:42 Database migration completed
2024/08/25 00:42:52  serevet starting ....
2024/08/25 00:42:52  serevet starting ....
2024/08/25 00:42:52  serevet starting ....
2024/08/25 00:42:53 Database migration completed
2024/08/25 00:42:55  serevet starting ....
2024/08/25 00:42:55  serevet starting ....
2024/08/25 00:42:55  serevet starting ....
2024/08/25 00:43:03  serevet starting ....
2024/08/25 00:43:03  serevet starting ....
2024/08/25 00:43:03  serevet starting ....
2024/08/25 00:43:04 Database migration completed
2024/08/31 21:28:10  serevet starting ....
2024/08/31 21:28:10  serevet starting ....
2024/08/31 21:28:10  serevet starting ....
2024/08/31 21:28:11 Database migration completed
2024/08/31 21:29:06  serevet starting ....
2024/08/31 21:29:06  serevet starting ....
2024/08/31 21:29:06  serevet starting ....
2024/08/31 21:29:25 Database migration completed
2024/08/31 21:30:55  serevet starting ....
2024/08/31 21:30:55  serevet starting ....
2024/08/31 21:30:55  serevet starting ....
2024/08/31 21:31:00  serevet starting ....
2024/08/31 21:31:00  serevet starting ....
2024/08/31 21:31:00  serevet starting ....
2024/08/31 21:31:02 Database migration completed
2024/08/31 21:31:23  serevet starting ....
2024/08/31 21:31:23  serevet starting ....
2024/08/31 21:31:23  serevet starting ....
2024/08/31 21:31:25 Database migration completed
2024/08/31 21:32:31  serevet starting ....
2024/08/31 21:32:31  serevet starting ....
2024/08/31 21:32:31  serevet starting ....
2024/08/31 21:32:32 Database migration completed
2024/08/31 21:32:36  serevet starting ....
2024/08/31 21:32:36  serevet starting ....
2024/08/31 21:32:36  serevet starting ....
2024/08/31 21:32:37 Database migration completed
2024/08/31 22:01:09  serevet starting ....
2024/08/31 22:01:09  serevet starting ....
2024/08/31 22:01:09  serevet starting ....
2024/08/31 22:01:11 Database migration completed
2024/08/31 22:01:15  serevet starting ....
2024/08/31 22:01:15  serevet starting ....
2024/08/31 22:01:15  serevet starting ....
2024/08/31 22:01:19  serevet starting ....
2024/08/31 22:01:19  serevet starting ....
2024/08/31 22:01:19  serevet starting ....
2024/08/31 22:01:22  serevet starting ....
2024/08/31 22:01:22  serevet starting ....
2024/08/31 22:01:22  serevet starting ....
2024/08/31 22:01:23 Database migration completed
2024/08/31 22:11:55  serevet starting ....
2024/08/31 22:11:55  serevet starting ....
2024/08/31 22:11:55  serevet starting ....
2024/08/31 22:12:05  serevet starting ....
2024/08/31 22:12:05  serevet starting ....
2024/08/31 22:12:05  serevet starting ....
2024/08/31 22:12:07 Database migration completed
2024/08/31 22:12:18  serevet starting ....
2024/08/31 22:12:18  serevet starting ....
2024/08/31 22:12:18  serevet starting ....
2024/08/31 22:12:19 Database migration completed
2024/08/31 22:13:06  serevet starting ....
2024/08/31 22:13:06  serevet starting ....
2024/08/31 22:13:06  serevet starting ....
2024/08/31 22:13:11  serevet starting ....
2024/08/31 22:13:11  serevet starting ....
2024/08/31 22:13:11  serevet starting ....
2024/08/31 22:13:14  serevet starting ....
2024/08/31 22:13:14  serevet starting ....
2024/08/31 22:13:14  serevet starting ....
2024/08/31 22:13:20  serevet starting ....
2024/08/31 22:13:20  serevet starting ....
2024/08/31 22:13:20  serevet starting ....
2024/08/31 22:13:26  serevet starting ....
2024/08/31 22:13:26  serevet starting ....
2024/08/31 22:13:26  serevet starting ....
2024/08/31 22:13:27  serevet starting ....
2024/08/31 22:13:27  serevet starting ....
2024/08/31 22:13:27  serevet starting ....
2024/08/31 22:13:29 Database migration completed
2024/08/31 22:13:43  serevet starting ....
2024/08/31 22:13:43  serevet starting ....
2024/08/31 22:13:43  serevet starting ....
2024/08/31 22:13:45  serevet starting ....
2024/08/31 22:13:45  serevet starting ....
2024/08/31 22:13:45  serevet starting ....
2024/08/31 22:13:46 Database migration completed
2024/08/31 22:14:09  serevet starting ....
2024/08/31 22:14:09  serevet starting ....
2024/08/31 22:14:09  serevet starting ....
2024/08/31 22:14:11 Database migration completed
2024/08/31 22:16:13  serevet starting ....
2024/08/31 22:16:13  serevet starting ....
2024/08/31 22:16:13  serevet starting ....
2024/08/31 22:16:16  serevet starting ....
2024/08/31 22:16:16  serevet starting ....
2024/08/31 22:16:16  serevet starting ....
2024/08/31 22:16:21  serevet starting ....
2024/08/31 22:16:21  serevet starting ....
2024/08/31 22:16:21  serevet starting ....
2024/08/31 22:16:26 Database migration completed
2024/08/31 22:20:37  serevet starting ....
2024/08/31 22:20:37  serevet starting ....
2024/08/31 22:20:37  serevet starting ....
2024/08/31 22:20:38 Database migration completed
